[debug] [2024-03-01T17:01:38.192Z] ----------------------------------------------------------------------
[debug] [2024-03-01T17:01:38.195Z] Command:       D:\Apps\Node js\node.exe C:\Users\Shamoil\AppData\Roaming\npm\node_modules\firebase-tools\lib\bin\firebase.js deploy
[debug] [2024-03-01T17:01:38.196Z] CLI Version:   13.4.0
[debug] [2024-03-01T17:01:38.196Z] Platform:      win32
[debug] [2024-03-01T17:01:38.196Z] Node Version:  v20.11.0
[debug] [2024-03-01T17:01:38.196Z] Time:          Fri Mar 01 2024 22:01:38 GMT+0500 (Pakistan Standard Time)
[debug] [2024-03-01T17:01:38.197Z] ----------------------------------------------------------------------
[debug] 
[debug] [2024-03-01T17:01:38.439Z] > command requires scopes: ["email","openid","https://www.googleapis.com/auth/cloudplatformprojects.readonly","https://www.googleapis.com/auth/firebase","https://www.googleapis.com/auth/cloud-platform"]
[debug] [2024-03-01T17:01:38.440Z] > authorizing via signed-in user (hamailkhan213@gmail.com)
[debug] [2024-03-01T17:01:38.441Z] [iam] checking project blogee-hsk for permissions ["firebase.projects.get","firebasehosting.sites.update"]
[debug] [2024-03-01T17:01:38.446Z] >>> [apiv2][query] POST https://cloudresourcemanager.googleapis.com/v1/projects/blogee-hsk:testIamPermissions [none]
[debug] [2024-03-01T17:01:38.446Z] >>> [apiv2][(partial)header] POST https://cloudresourcemanager.googleapis.com/v1/projects/blogee-hsk:testIamPermissions x-goog-quota-user=projects/blogee-hsk
[debug] [2024-03-01T17:01:38.447Z] >>> [apiv2][body] POST https://cloudresourcemanager.googleapis.com/v1/projects/blogee-hsk:testIamPermissions {"permissions":["firebase.projects.get","firebasehosting.sites.update"]}
[debug] [2024-03-01T17:01:40.397Z] <<< [apiv2][status] POST https://cloudresourcemanager.googleapis.com/v1/projects/blogee-hsk:testIamPermissions 200
[debug] [2024-03-01T17:01:40.397Z] <<< [apiv2][body] POST https://cloudresourcemanager.googleapis.com/v1/projects/blogee-hsk:testIamPermissions {"permissions":["firebase.projects.get","firebasehosting.sites.update"]}
[debug] [2024-03-01T17:01:40.400Z] >>> [apiv2][query] GET https://firebase.googleapis.com/v1beta1/projects/blogee-hsk [none]
[debug] [2024-03-01T17:01:41.194Z] <<< [apiv2][status] GET https://firebase.googleapis.com/v1beta1/projects/blogee-hsk 200
[debug] [2024-03-01T17:01:41.195Z] <<< [apiv2][body] GET https://firebase.googleapis.com/v1beta1/projects/blogee-hsk {"projectId":"blogee-hsk","projectNumber":"233698368195","displayName":"blogee-hsk","name":"projects/blogee-hsk","resources":{"hostingSite":"blogee-hsk","realtimeDatabaseInstance":"blogee-hsk-default-rtdb","storageBucket":"blogee-hsk.appspot.com","locationId":"us-central"},"state":"ACTIVE","etag":"1_4b99a404-33b2-4aa2-9544-5372daf35a95"}
[info] 
[info] === Deploying to 'blogee-hsk'...
[info] 
[info] i  deploying hosting 
[debug] [2024-03-01T17:01:41.209Z] >>> [apiv2][query] POST https://firebasehosting.googleapis.com/v1beta1/projects/-/sites/blogee-hsk/versions [none]
[debug] [2024-03-01T17:01:41.209Z] >>> [apiv2][body] POST https://firebasehosting.googleapis.com/v1beta1/projects/-/sites/blogee-hsk/versions {"status":"CREATED","labels":{"deployment-tool":"cli-firebase"}}
[debug] [2024-03-01T17:01:43.413Z] <<< [apiv2][status] POST https://firebasehosting.googleapis.com/v1beta1/projects/-/sites/blogee-hsk/versions 200
